<?xml version="1.0" encoding="UTF-8"?>
<!-- Generated by org.testng.reporters.JUnitReportReporter -->
<testsuite hostname="DESKTOP-5A3OTB0" failures="0" tests="2" name="tests.TestFundExplorerETF" time="89.845" errors="0" timestamp="2025-10-04T17:25:34 IST" skipped="0">
  <testcase classname="tests.TestFundExplorerETF" name="verifyPageNavigation" time="55.837"/>
  <testcase classname="tests.TestFundExplorerETF" name="verifyInvTypeFilter" time="34.008"/>
</testsuite> <!-- tests.TestFundExplorerETF -->
